# x1 y1 x2 y2 x3 y3 vx1 vy1 vx2 vy2 vx3 vy3 
0.0 0.0 1.5 0.0 0.0 0.0 -0.0 0.816904727207
0.0 0.0 1.44226027445 0.403755665014 0.0 0.0 -0.229348432539 0.785401954976
0.0 0.0 1.27253766882 0.776822243964 0.0 0.0 -0.443494984522 0.692190695707
0.0 0.0 1.00497442226 1.0865820994 0.0 0.0 -0.624945168763 0.543606099492
0.0 0.0 0.65530196298 1.31143081266 0.0 0.0 -0.761313022333 0.346360947704
0.0 0.0 0.25320877718 1.4277678505 0.0 0.0 -0.837819577533 0.115060625765
0.0 0.0 -0.171653319658 1.4231433826 0.0 0.0 -0.84464054572 -0.134683528122
0.0 0.0 -0.578659157954 1.29459550286 0.0 0.0 -0.776729899206 -0.378854261134
0.0 0.0 -0.935651408102 1.04827890076 0.0 0.0 -0.635177472859 -0.596636679485
0.0 0.0 -1.20451714654 0.705889543695 0.0 0.0 -0.431418291778 -0.762970751397
0.0 0.0 -1.35972433464 0.296998492538 0.0 0.0 -0.183893848878 -0.859356282439
0.0 0.0 -1.38538532815 -0.139950493076 0.0 0.0 0.082089877477 -0.874482822309
0.0 0.0 -1.2792836348 -0.563368000803 0.0 0.0 0.338751561269 -0.806899164359
0.0 0.0 -1.05201481497 -0.934803798755 0.0 0.0 0.560560061695 -0.664704088981
0.0 0.0 -0.728844254822 -1.21866976494 0.0 0.0 0.725002727039 -0.46589332852
0.0 0.0 -0.339207663444 -1.39385890323 0.0 0.0 0.821038937371 -0.230830888308
0.0 0.0 0.0788761953283 -1.44741360658 0.0 0.0 0.843353842956 0.0163612591323
0.0 0.0 0.492246633564 -1.37843961173 0.0 0.0 0.794414766682 0.255719708643
0.0 0.0 0.863137492789 -1.1966073229 0.0 0.0 0.682460704647 0.467170205776
0.0 0.0 1.16531127716 -0.918475112969 0.0 0.0 0.518303328029 0.637201352662
0.0 0.0 1.37499830937 -0.568215323889 0.0 0.0 0.315525811009 0.754873044636
0.0 0.0 1.47664616819 -0.173858357227 0.0 0.0 0.0887026705623 0.813087086418
0.0 0.0 1.46213279461 0.234494870009 0.0 0.0 -0.146710558157 0.807359794831
0.0 0.0 1.33146819223 0.623037583256 0.0 0.0 -0.373564865978 0.736857093175
0.0 0.0 1.09179867104 0.961675597343 0.0 0.0 -0.576332485011 0.603411532986
0.0 0.0 0.762632697201 1.21768923218 0.0 0.0 -0.735738941595 0.415095150687
0.0 0.0 0.366915134337 1.36854173815 0.0 0.0 -0.836753780294 0.182406804351
0.0 0.0 -0.06308526886 1.3954903748 0.0 0.0 -0.864878569409 -0.077644584403
0.0 0.0 -0.485043225742 1.29090894037 0.0 0.0 -0.811088354685 -0.339479125743
0.0 0.0 -0.85931766873 1.06058668444 0.0 0.0 -0.675254670979 -0.576640346574
0.0 0.0 -1.14760448781 0.723337373993 0.0 0.0 -0.467306749029 -0.761411263714
0.0 0.0 -1.31800753503 0.312407260675 0.0 0.0 -0.209022604918 -0.870126947101
0.0 0.0 -1.35286120624 -0.131447846284 0.0 0.0 0.0703550923928 -0.889364208454
0.0 0.0 -1.24976695156 -0.561927029553 0.0 0.0 0.337434168543 -0.818461009002
0.0 0.0 -1.02199669043 -0.93694224618 0.0 0.0 0.56410913878 -0.669071334632
0.0 0.0 -0.695813305647 -1.22173890187 0.0 0.0 0.7287220356 -0.46206953239
0.0 0.0 -0.305146703413 -1.39369360793 0.0 0.0 0.820375482827 -0.221750214711
0.0 0.0 0.112551708599 -1.44214485541 0.0 0.0 0.836838613822 0.0278679069028
0.0 0.0 0.519211469497 -1.36825540192 0.0 0.0 0.782884951222 0.264987356167
0.0 0.0 0.884029339147 -1.18192193661 0.0 0.0 0.666929773614 0.474302439319
0.0 0.0 1.17813162554 -0.900472224725 0.0 0.0 0.49996485518 0.641653415147
